<?xml version="1.0" encoding="UTF-8"?>
<!-- Generated by org.testng.reporters.JUnitXMLReporter -->
<testsuite hostname="Lenovo" ignored="0" name="Default test" tests="3" failures="0" timestamp="2020-09-20T13:08:54 IST" time="0.887" errors="0">
  <testcase name="testcase2" time="0.106" classname="DemoTestNG.demo2"/>
  <testcase name="testcase3" time="0.049" classname="DemoTestNG.demo2"/>
  <testcase name="testcase1" time="0.039" classname="DemoTestNG.demo1"/>
</testsuite> <!-- Default test -->
