<?xml version="1.0" encoding="UTF-8"?>
<testng-results skipped="0" failed="0" ignored="0" total="3" passed="3">
  <reporter-output>
  </reporter-output>
  <suite name="Default suite" duration-ms="887" started-at="2020-09-20T13:08:52 IST" finished-at="2020-09-20T13:08:53 IST">
    <groups>
    </groups>
    <test name="Default test" duration-ms="887" started-at="2020-09-20T13:08:52 IST" finished-at="2020-09-20T13:08:53 IST">
      <class name="DemoTestNG.demo2">
        <test-method status="PASS" signature="bc()[pri:0, instance:DemoTestNG.demo2@3dd4520b]" name="bc" is-config="true" duration-ms="6" started-at="2020-09-20T13:08:52 IST" finished-at="2020-09-20T13:08:52 IST">
          <reporter-output>
          </reporter-output>
        </test-method> <!-- bc -->
        <test-method status="PASS" signature="bm()[pri:0, instance:DemoTestNG.demo2@3dd4520b]" name="bm" is-config="true" duration-ms="11" started-at="2020-09-20T13:08:53 IST" finished-at="2020-09-20T13:08:53 IST">
          <reporter-output>
          </reporter-output>
        </test-method> <!-- bm -->
        <test-method status="PASS" signature="testcase2()[pri:0, instance:DemoTestNG.demo2@3dd4520b]" name="testcase2" duration-ms="106" started-at="2020-09-20T13:08:53 IST" finished-at="2020-09-20T13:08:53 IST">
          <reporter-output>
          </reporter-output>
        </test-method> <!-- testcase2 -->
        <test-method status="PASS" signature="am()[pri:0, instance:DemoTestNG.demo2@3dd4520b]" name="am" is-config="true" duration-ms="2" started-at="2020-09-20T13:08:53 IST" finished-at="2020-09-20T13:08:53 IST">
          <reporter-output>
          </reporter-output>
        </test-method> <!-- am -->
        <test-method status="PASS" signature="bm()[pri:0, instance:DemoTestNG.demo2@3dd4520b]" name="bm" is-config="true" duration-ms="2" started-at="2020-09-20T13:08:53 IST" finished-at="2020-09-20T13:08:53 IST">
          <reporter-output>
          </reporter-output>
        </test-method> <!-- bm -->
        <test-method status="PASS" signature="testcase3()[pri:0, instance:DemoTestNG.demo2@3dd4520b]" name="testcase3" duration-ms="49" started-at="2020-09-20T13:08:53 IST" finished-at="2020-09-20T13:08:53 IST">
          <reporter-output>
          </reporter-output>
        </test-method> <!-- testcase3 -->
        <test-method status="PASS" signature="am()[pri:0, instance:DemoTestNG.demo2@3dd4520b]" name="am" is-config="true" duration-ms="3" started-at="2020-09-20T13:08:53 IST" finished-at="2020-09-20T13:08:53 IST">
          <reporter-output>
          </reporter-output>
        </test-method> <!-- am -->
        <test-method status="PASS" signature="ac()[pri:0, instance:DemoTestNG.demo2@3dd4520b]" name="ac" is-config="true" duration-ms="3" started-at="2020-09-20T13:08:53 IST" finished-at="2020-09-20T13:08:53 IST">
          <reporter-output>
          </reporter-output>
        </test-method> <!-- ac -->
        <test-method status="PASS" signature="at()[pri:0, instance:DemoTestNG.demo2@3dd4520b]" name="at" is-config="true" duration-ms="24" started-at="2020-09-20T13:08:53 IST" finished-at="2020-09-20T13:08:53 IST">
          <reporter-output>
          </reporter-output>
        </test-method> <!-- at -->
        <test-method status="PASS" signature="as()[pri:0, instance:DemoTestNG.demo2@3dd4520b]" name="as" is-config="true" duration-ms="4" started-at="2020-09-20T13:08:54 IST" finished-at="2020-09-20T13:08:54 IST">
          <reporter-output>
          </reporter-output>
        </test-method> <!-- as -->
      </class> <!-- DemoTestNG.demo2 -->
      <class name="DemoTestNG.demo1">
        <test-method status="PASS" signature="bs()[pri:0, instance:DemoTestNG.demo1@23e028a9]" name="bs" is-config="true" duration-ms="158" started-at="2020-09-20T13:08:52 IST" finished-at="2020-09-20T13:08:52 IST">
          <reporter-output>
          </reporter-output>
        </test-method> <!-- bs -->
        <test-method status="PASS" signature="bt()[pri:0, instance:DemoTestNG.demo1@23e028a9]" name="bt" is-config="true" duration-ms="3" started-at="2020-09-20T13:08:52 IST" finished-at="2020-09-20T13:08:52 IST">
          <reporter-output>
          </reporter-output>
        </test-method> <!-- bt -->
        <test-method status="PASS" signature="bc()[pri:0, instance:DemoTestNG.demo1@23e028a9]" name="bc" is-config="true" duration-ms="4" started-at="2020-09-20T13:08:53 IST" finished-at="2020-09-20T13:08:53 IST">
          <reporter-output>
          </reporter-output>
        </test-method> <!-- bc -->
        <test-method status="PASS" signature="bm()[pri:0, instance:DemoTestNG.demo1@23e028a9]" name="bm" is-config="true" duration-ms="6" started-at="2020-09-20T13:08:53 IST" finished-at="2020-09-20T13:08:53 IST">
          <reporter-output>
          </reporter-output>
        </test-method> <!-- bm -->
        <test-method status="PASS" signature="testcase1()[pri:0, instance:DemoTestNG.demo1@23e028a9]" name="testcase1" duration-ms="39" started-at="2020-09-20T13:08:53 IST" finished-at="2020-09-20T13:08:53 IST">
          <reporter-output>
          </reporter-output>
        </test-method> <!-- testcase1 -->
        <test-method status="PASS" signature="am()[pri:0, instance:DemoTestNG.demo1@23e028a9]" name="am" is-config="true" duration-ms="7" started-at="2020-09-20T13:08:53 IST" finished-at="2020-09-20T13:08:53 IST">
          <reporter-output>
          </reporter-output>
        </test-method> <!-- am -->
        <test-method status="PASS" signature="ac()[pri:0, instance:DemoTestNG.demo1@23e028a9]" name="ac" is-config="true" duration-ms="5" started-at="2020-09-20T13:08:53 IST" finished-at="2020-09-20T13:08:53 IST">
          <reporter-output>
          </reporter-output>
        </test-method> <!-- ac -->
      </class> <!-- DemoTestNG.demo1 -->
    </test> <!-- Default test -->
  </suite> <!-- Default suite -->
</testng-results>
